.next/dev/types/validator.ts(53,39): error TS2307: Cannot find module '../../../src/app/admin/[[...index]]/page.js' or its corresponding type declarations.
.next/dev/types/validator.ts(62,39): error TS2307: Cannot find module '../../../src/app/cart/page.js' or its corresponding type declarations.
.next/dev/types/validator.ts(71,39): error TS2307: Cannot find module '../../../src/app/checkout/page.js' or its corresponding type declarations.
.next/dev/types/validator.ts(80,39): error TS2307: Cannot find module '../../../src/app/contact/page.js' or its corresponding type declarations.
.next/dev/types/validator.ts(89,39): error TS2307: Cannot find module '../../../src/app/mentions-legales/page.js' or its corresponding type declarations.
.next/dev/types/validator.ts(98,39): error TS2307: Cannot find module '../../../src/app/page.js' or its corresponding type declarations.
.next/dev/types/validator.ts(107,39): error TS2307: Cannot find module '../../../src/app/product/[slug]/page.js' or its corresponding type declarations.
.next/dev/types/validator.ts(116,39): error TS2307: Cannot find module '../../../src/app/shop/page.js' or its corresponding type declarations.
.next/dev/types/validator.ts(138,39): error TS2307: Cannot find module '../../../src/app/layout.js' or its corresponding type declarations.
.next/types/validator.ts(53,39): error TS2307: Cannot find module '../../src/app/admin/[[...index]]/page.js' or its corresponding type declarations.
.next/types/validator.ts(62,39): error TS2307: Cannot find module '../../src/app/cart/page.js' or its corresponding type declarations.
.next/types/validator.ts(71,39): error TS2307: Cannot find module '../../src/app/checkout/page.js' or its corresponding type declarations.
.next/types/validator.ts(80,39): error TS2307: Cannot find module '../../src/app/contact/page.js' or its corresponding type declarations.
.next/types/validator.ts(89,39): error TS2307: Cannot find module '../../src/app/mentions-legales/page.js' or its corresponding type declarations.
.next/types/validator.ts(98,39): error TS2307: Cannot find module '../../src/app/page.js' or its corresponding type declarations.
.next/types/validator.ts(107,39): error TS2307: Cannot find module '../../src/app/product/[slug]/page.js' or its corresponding type declarations.
.next/types/validator.ts(116,39): error TS2307: Cannot find module '../../src/app/shop/page.js' or its corresponding type declarations.
.next/types/validator.ts(138,39): error TS2307: Cannot find module '../../src/app/layout.js' or its corresponding type declarations.
src/app/[locale]/admin/[[...index]]/page.tsx(4,20): error TS2307: Cannot find module '../../../../sanity.config' or its corresponding type declarations.
src/i18n/request.ts(7,33): error TS2345: Argument of type '({ locale }: GetRequestConfigParams) => Promise<{ messages: any; }>' is not assignable to parameter of type '(params: GetRequestConfigParams) => RequestConfig | Promise<RequestConfig>'.
  Type 'Promise<{ messages: any; }>' is not assignable to type 'RequestConfig | Promise<RequestConfig>'.
    Type 'Promise<{ messages: any; }>' is not assignable to type 'Promise<RequestConfig>'.
      Type '{ messages: any; }' is not assignable to type 'RequestConfig'.
        Property 'locale' is missing in type '{ messages: any; }' but required in type '{ locale: string; }'.
